<?xml version="1.0" encoding="UTF-8"?>
<!-- Generated by org.testng.reporters.JUnitReportReporter -->
<testsuite hostname="Aams-MacBook-Pro-2.local" name="about.api.test.Test" tests="2" failures="0" timestamp="20 Oct 2016 02:58:43 GMT" time="1.748" errors="0">
  <testcase name="responseTest" time="1.724" classname="about.api.test.Test"/>
  <testcase name="idTest" time="0.024" classname="about.api.test.Test"/>
</testsuite> <!-- about.api.test.Test -->
